c:\users\funne\onedrive\dokument\mayaplugin\mayaplugin\x64\debug\vc140.pdb
c:\users\funne\onedrive\dokument\mayaplugin\mayaplugin\x64\debug\vc140.idb
c:\users\funne\onedrive\dokument\mayaplugin\mayaplugin\x64\debug\main.obj
c:\users\funne\onedrive\dokument\maya_plugin\mayaplugin\x64\debug\vc140.pdb
c:\users\funne\onedrive\dokument\maya_plugin\mayaplugin\x64\debug\vc140.idb
c:\users\funne\onedrive\dokument\maya_plugin\mayaplugin\x64\debug\main.obj
c:\users\funne\onedrive\dokument\mayaplugin\x64\debug\mayaplugin.ilk
c:\users\funne\onedrive\dokument\mayaplugin\x64\debug\mayaplugin.mll
c:\users\funne\onedrive\dokument\mayaplugin\x64\debug\mayaplugin.pdb
c:\users\funne\onedrive\dokument\maya_plugin\x64\debug\mayaplugin.ilk
c:\users\funne\onedrive\dokument\maya_plugin\x64\debug\mayaplugin.mll
c:\users\funne\onedrive\dokument\maya_plugin\x64\debug\mayaplugin.pdb
c:\users\funne\onedrive\dokument\mayaplugin\x64\debug\mayaplugin.lib
c:\users\funne\onedrive\dokument\mayaplugin\x64\debug\mayaplugin.exp
c:\users\funne\onedrive\dokument\maya_plugin\x64\debug\mayaplugin.lib
c:\users\funne\onedrive\dokument\maya_plugin\x64\debug\mayaplugin.exp
c:\users\funne\onedrive\dokument\maya_plugin\mayaplugin\x64\debug\mayaplugin.tlog\cl.command.1.tlog
c:\users\funne\onedrive\dokument\maya_plugin\mayaplugin\x64\debug\mayaplugin.tlog\cl.read.1.tlog
c:\users\funne\onedrive\dokument\maya_plugin\mayaplugin\x64\debug\mayaplugin.tlog\cl.write.1.tlog
c:\users\funne\onedrive\dokument\maya_plugin\mayaplugin\x64\debug\mayaplugin.tlog\link.command.1.tlog
c:\users\funne\onedrive\dokument\maya_plugin\mayaplugin\x64\debug\mayaplugin.tlog\link.read.1.tlog
c:\users\funne\onedrive\dokument\maya_plugin\mayaplugin\x64\debug\mayaplugin.tlog\link.write.1.tlog
c:\users\funne\onedrive\dokument\maya_plugin\mayaplugin\x64\debug\mayaplugin.tlog\mayaplugin.write.1u.tlog
